<?xml version="1.0" encoding="UTF-8"?>
<coverage generated="1768417266151" clover="3.2.0">
  <project timestamp="1768417266151" name="All files">
    <metrics statements="52" coveredstatements="47" conditionals="14" coveredconditionals="9" methods="11" coveredmethods="10" elements="77" coveredelements="66" complexity="0" loc="52" ncloc="52" packages="3" files="3" classes="3"/>
    <package name="application.services">
      <metrics statements="29" coveredstatements="27" conditionals="10" coveredconditionals="6" methods="4" coveredmethods="4"/>
      <file name="crypto-analysis.service.ts" path="/Users/edwinkassier/Desktop/Ashes/ashes-project-backend-sveltekit/src/lib/server/application/services/crypto-analysis.service.ts">
        <metrics statements="29" coveredstatements="27" conditionals="10" coveredconditionals="6" methods="4" coveredmethods="4"/>
        <line num="15" count="2" type="stmt"/>
        <line num="16" count="2" type="stmt"/>
        <line num="17" count="2" type="stmt"/>
        <line num="18" count="2" type="stmt"/>
        <line num="23" count="2" type="stmt"/>
        <line num="26" count="2" type="stmt"/>
        <line num="27" count="2" type="cond" truecount="1" falsecount="1"/>
        <line num="28" count="0" type="stmt"/>
        <line num="35" count="2" type="stmt"/>
        <line num="36" count="2" type="cond" truecount="2" falsecount="0"/>
        <line num="37" count="1" type="stmt"/>
        <line num="41" count="1" type="stmt"/>
        <line num="43" count="1" type="cond" truecount="1" falsecount="1"/>
        <line num="44" count="1" type="stmt"/>
        <line num="45" count="1" type="stmt"/>
        <line num="46" count="1" type="stmt"/>
        <line num="48" count="1" type="stmt"/>
        <line num="49" count="1" type="cond" truecount="1" falsecount="1"/>
        <line num="50" count="0" type="stmt"/>
        <line num="53" count="1" type="stmt"/>
        <line num="57" count="1" type="stmt"/>
        <line num="58" count="1" type="stmt"/>
        <line num="59" count="1" type="stmt"/>
        <line num="62" count="1" type="stmt"/>
        <line num="65" count="1" type="stmt"/>
        <line num="68" count="1" type="stmt"/>
        <line num="74" count="2" type="cond" truecount="1" falsecount="1"/>
        <line num="75" count="8" type="stmt"/>
        <line num="76" count="2" type="stmt"/>
      </file>
    </package>
    <package name="domain.entities">
      <metrics statements="16" coveredstatements="15" conditionals="3" coveredconditionals="2" methods="4" coveredmethods="4"/>
      <file name="analysis-result.entity.ts" path="/Users/edwinkassier/Desktop/Ashes/ashes-project-backend-sveltekit/src/lib/server/domain/entities/analysis-result.entity.ts">
        <metrics statements="16" coveredstatements="15" conditionals="3" coveredconditionals="2" methods="4" coveredmethods="4"/>
        <line num="3" count="1" type="stmt"/>
        <line num="4" count="1" type="stmt"/>
        <line num="5" count="1" type="stmt"/>
        <line num="6" count="1" type="stmt"/>
        <line num="7" count="1" type="stmt"/>
        <line num="8" count="1" type="stmt"/>
        <line num="9" count="1" type="cond" truecount="1" falsecount="0"/>
        <line num="13" count="1" type="cond" truecount="1" falsecount="1"/>
        <line num="14" count="0" type="stmt"/>
        <line num="17" count="1" type="stmt"/>
        <line num="18" count="1" type="stmt"/>
        <line num="19" count="1" type="stmt"/>
        <line num="20" count="1" type="stmt"/>
        <line num="22" count="1" type="stmt"/>
        <line num="33" count="1" type="stmt"/>
        <line num="45" count="1" type="stmt"/>
      </file>
    </package>
    <package name="domain.errors">
      <metrics statements="7" coveredstatements="5" conditionals="1" coveredconditionals="1" methods="3" coveredmethods="2"/>
      <file name="domain.error.ts" path="/Users/edwinkassier/Desktop/Ashes/ashes-project-backend-sveltekit/src/lib/server/domain/errors/domain.error.ts">
        <metrics statements="7" coveredstatements="5" conditionals="1" coveredconditionals="1" methods="3" coveredmethods="2"/>
        <line num="2" count="1" type="cond" truecount="1" falsecount="0"/>
        <line num="3" count="1" type="stmt"/>
        <line num="4" count="1" type="stmt"/>
        <line num="10" count="1" type="stmt"/>
        <line num="11" count="1" type="stmt"/>
        <line num="17" count="0" type="stmt"/>
        <line num="18" count="0" type="stmt"/>
      </file>
    </package>
  </project>
</coverage>
