{"/Users/edwinkassier/Desktop/Ashes/ashes-project-backend-sveltekit/src/lib/server/application/services/crypto-analysis.service.ts": {"path":"/Users/edwinkassier/Desktop/Ashes/ashes-project-backend-sveltekit/src/lib/server/application/services/crypto-analysis.service.ts","statementMap":{"0":{"start":{"line":15,"column":2},"end":{"line":15,"column":null}},"1":{"start":{"line":16,"column":2},"end":{"line":16,"column":null}},"2":{"start":{"line":17,"column":2},"end":{"line":17,"column":null}},"3":{"start":{"line":18,"column":2},"end":{"line":18,"column":null}},"4":{"start":{"line":23,"column":2},"end":{"line":23,"column":null}},"5":{"start":{"line":26,"column":23},"end":{"line":26,"column":null}},"6":{"start":{"line":27,"column":2},"end":{"line":32,"column":null}},"7":{"start":{"line":28,"column":3},"end":{"line":31,"column":null}},"8":{"start":{"line":35,"column":17},"end":{"line":35,"column":null}},"9":{"start":{"line":36,"column":2},"end":{"line":38,"column":null}},"10":{"start":{"line":37,"column":3},"end":{"line":37,"column":null}},"11":{"start":{"line":41,"column":26},"end":{"line":41,"column":null}},"12":{"start":{"line":43,"column":2},"end":{"line":54,"column":null}},"13":{"start":{"line":44,"column":16},"end":{"line":44,"column":null}},"14":{"start":{"line":45,"column":22},"end":{"line":45,"column":null}},"15":{"start":{"line":46,"column":21},"end":{"line":46,"column":null}},"16":{"start":{"line":48,"column":3},"end":{"line":48,"column":null}},"17":{"start":{"line":49,"column":3},"end":{"line":51,"column":null}},"18":{"start":{"line":50,"column":4},"end":{"line":50,"column":null}},"19":{"start":{"line":53,"column":3},"end":{"line":53,"column":null}},"20":{"start":{"line":57,"column":22},"end":{"line":57,"column":null}},"21":{"start":{"line":58,"column":28},"end":{"line":58,"column":null}},"22":{"start":{"line":59,"column":26},"end":{"line":59,"column":null}},"23":{"start":{"line":62,"column":17},"end":{"line":62,"column":null}},"24":{"start":{"line":65,"column":2},"end":{"line":65,"column":null}},"25":{"start":{"line":68,"column":2},"end":{"line":68,"column":null}},"26":{"start":{"line":74,"column":2},"end":{"line":74,"column":null}},"27":{"start":{"line":74,"column":25},"end":{"line":74,"column":null}},"28":{"start":{"line":75,"column":14},"end":{"line":75,"column":null}},"29":{"start":{"line":75,"column":40},"end":{"line":75,"column":66}},"30":{"start":{"line":76,"column":2},"end":{"line":76,"column":null}}},"fnMap":{"0":{"name":"(anonymous_0)","decl":{"start":{"line":14,"column":1},"end":{"line":14,"column":15}},"loc":{"start":{"line":14,"column":15},"end":{"line":19,"column":null}},"line":14},"1":{"name":"(anonymous_1)","decl":{"start":{"line":21,"column":7},"end":{"line":21,"column":15}},"loc":{"start":{"line":21,"column":51},"end":{"line":69,"column":null}},"line":21},"2":{"name":"(anonymous_2)","decl":{"start":{"line":71,"column":9},"end":{"line":71,"column":null}},"loc":{"start":{"line":73,"column":11},"end":{"line":77,"column":null}},"line":73},"3":{"name":"(anonymous_3)","decl":{"start":{"line":75,"column":26},"end":{"line":75,"column":27}},"loc":{"start":{"line":75,"column":40},"end":{"line":75,"column":66}},"line":75}},"branchMap":{"0":{"loc":{"start":{"line":27,"column":2},"end":{"line":32,"column":null}},"type":"if","locations":[{"start":{"line":27,"column":2},"end":{"line":32,"column":null}},{"start":{},"end":{}}],"line":27},"1":{"loc":{"start":{"line":36,"column":2},"end":{"line":38,"column":null}},"type":"if","locations":[{"start":{"line":36,"column":2},"end":{"line":38,"column":null}},{"start":{},"end":{}}],"line":36},"2":{"loc":{"start":{"line":43,"column":2},"end":{"line":54,"column":null}},"type":"if","locations":[{"start":{"line":43,"column":2},"end":{"line":54,"column":null}},{"start":{},"end":{}}],"line":43},"3":{"loc":{"start":{"line":49,"column":3},"end":{"line":51,"column":null}},"type":"if","locations":[{"start":{"line":49,"column":3},"end":{"line":51,"column":null}},{"start":{},"end":{}}],"line":49},"4":{"loc":{"start":{"line":74,"column":2},"end":{"line":74,"column":null}},"type":"if","locations":[{"start":{"line":74,"column":2},"end":{"line":74,"column":null}},{"start":{},"end":{}}],"line":74}},"s":{"0":2,"1":2,"2":2,"3":2,"4":2,"5":2,"6":2,"7":0,"8":2,"9":2,"10":1,"11":1,"12":1,"13":1,"14":1,"15":1,"16":1,"17":1,"18":0,"19":1,"20":1,"21":1,"22":1,"23":1,"24":1,"25":1,"26":2,"27":0,"28":2,"29":8,"30":2},"f":{"0":2,"1":2,"2":2,"3":8},"b":{"0":[0,2],"1":[1,1],"2":[1,0],"3":[0,1],"4":[0,2]},"meta":{"lastBranch":5,"lastFunction":4,"lastStatement":31,"seen":{"f:14:1:14:15":0,"s:15:2:15:Infinity":0,"s:16:2:16:Infinity":1,"s:17:2:17:Infinity":2,"s:18:2:18:Infinity":3,"f:21:7:21:15":1,"s:23:2:23:Infinity":4,"s:26:23:26:Infinity":5,"b:27:2:32:Infinity:undefined:undefined:undefined:undefined":0,"s:27:2:32:Infinity":6,"s:28:3:31:Infinity":7,"s:35:17:35:Infinity":8,"b:36:2:38:Infinity:undefined:undefined:undefined:undefined":1,"s:36:2:38:Infinity":9,"s:37:3:37:Infinity":10,"s:41:26:41:Infinity":11,"b:43:2:54:Infinity:undefined:undefined:undefined:undefined":2,"s:43:2:54:Infinity":12,"s:44:16:44:Infinity":13,"s:45:22:45:Infinity":14,"s:46:21:46:Infinity":15,"s:48:3:48:Infinity":16,"b:49:3:51:Infinity:undefined:undefined:undefined:undefined":3,"s:49:3:51:Infinity":17,"s:50:4:50:Infinity":18,"s:53:3:53:Infinity":19,"s:57:22:57:Infinity":20,"s:58:28:58:Infinity":21,"s:59:26:59:Infinity":22,"s:62:17:62:Infinity":23,"s:65:2:65:Infinity":24,"s:68:2:68:Infinity":25,"f:71:9:71:Infinity":2,"b:74:2:74:Infinity:undefined:undefined:undefined:undefined":4,"s:74:2:74:Infinity":26,"s:74:25:74:Infinity":27,"s:75:14:75:Infinity":28,"f:75:26:75:27":3,"s:75:40:75:66":29,"s:76:2:76:Infinity":30}}}
,"/Users/edwinkassier/Desktop/Ashes/ashes-project-backend-sveltekit/src/lib/server/domain/entities/analysis-result.entity.ts": {"path":"/Users/edwinkassier/Desktop/Ashes/ashes-project-backend-sveltekit/src/lib/server/domain/entities/analysis-result.entity.ts","statementMap":{"0":{"start":{"line":3,"column":24},"end":{"line":3,"column":null}},"1":{"start":{"line":4,"column":24},"end":{"line":4,"column":null}},"2":{"start":{"line":5,"column":24},"end":{"line":5,"column":null}},"3":{"start":{"line":6,"column":24},"end":{"line":6,"column":null}},"4":{"start":{"line":7,"column":24},"end":{"line":7,"column":null}},"5":{"start":{"line":8,"column":24},"end":{"line":8,"column":null}},"6":{"start":{"line":9,"column":24},"end":{"line":9,"column":47}},"7":{"start":{"line":13,"column":8},"end":{"line":15,"column":null}},"8":{"start":{"line":14,"column":12},"end":{"line":14,"column":null}},"9":{"start":{"line":17,"column":30},"end":{"line":17,"column":null}},"10":{"start":{"line":18,"column":23},"end":{"line":18,"column":null}},"11":{"start":{"line":19,"column":29},"end":{"line":19,"column":null}},"12":{"start":{"line":20,"column":23},"end":{"line":20,"column":null}},"13":{"start":{"line":22,"column":8},"end":{"line":29,"column":null}},"14":{"start":{"line":33,"column":8},"end":{"line":41,"column":null}},"15":{"start":{"line":45,"column":8},"end":{"line":53,"column":null}}},"fnMap":{"0":{"name":"(anonymous_0)","decl":{"start":{"line":2,"column":4},"end":{"line":2,"column":null}},"loc":{"start":{"line":10,"column":6},"end":{"line":10,"column":null}},"line":10},"1":{"name":"(anonymous_1)","decl":{"start":{"line":12,"column":11},"end":{"line":12,"column":21}},"loc":{"start":{"line":12,"column":111},"end":{"line":30,"column":null}},"line":12},"2":{"name":"(anonymous_2)","decl":{"start":{"line":32,"column":4},"end":{"line":32,"column":12}},"loc":{"start":{"line":32,"column":12},"end":{"line":42,"column":null}},"line":32},"3":{"name":"(anonymous_3)","decl":{"start":{"line":44,"column":4},"end":{"line":44,"column":21}},"loc":{"start":{"line":44,"column":21},"end":{"line":54,"column":null}},"line":44}},"branchMap":{"0":{"loc":{"start":{"line":9,"column":24},"end":{"line":9,"column":null}},"type":"default-arg","locations":[{"start":{"line":9,"column":47},"end":{"line":9,"column":null}}],"line":9},"1":{"loc":{"start":{"line":13,"column":8},"end":{"line":15,"column":null}},"type":"if","locations":[{"start":{"line":13,"column":8},"end":{"line":15,"column":null}},{"start":{},"end":{}}],"line":13}},"s":{"0":1,"1":1,"2":1,"3":1,"4":1,"5":1,"6":1,"7":1,"8":0,"9":1,"10":1,"11":1,"12":1,"13":1,"14":1,"15":1},"f":{"0":1,"1":1,"2":1,"3":1},"b":{"0":[1],"1":[0,1]},"meta":{"lastBranch":2,"lastFunction":4,"lastStatement":16,"seen":{"f:2:4:2:Infinity":0,"b:9:47:9:Infinity":0,"s:3:24:3:Infinity":0,"s:4:24:4:Infinity":1,"s:5:24:5:Infinity":2,"s:6:24:6:Infinity":3,"s:7:24:7:Infinity":4,"s:8:24:8:Infinity":5,"s:9:24:9:47":6,"f:12:11:12:21":1,"b:13:8:15:Infinity:undefined:undefined:undefined:undefined":1,"s:13:8:15:Infinity":7,"s:14:12:14:Infinity":8,"s:17:30:17:Infinity":9,"s:18:23:18:Infinity":10,"s:19:29:19:Infinity":11,"s:20:23:20:Infinity":12,"s:22:8:29:Infinity":13,"f:32:4:32:12":2,"s:33:8:41:Infinity":14,"f:44:4:44:21":3,"s:45:8:53:Infinity":15}}}
,"/Users/edwinkassier/Desktop/Ashes/ashes-project-backend-sveltekit/src/lib/server/domain/errors/domain.error.ts": {"path":"/Users/edwinkassier/Desktop/Ashes/ashes-project-backend-sveltekit/src/lib/server/domain/errors/domain.error.ts","statementMap":{"0":{"start":{"line":3,"column":8},"end":{"line":3,"column":null}},"1":{"start":{"line":2,"column":49},"end":{"line":2,"column":64}},"2":{"start":{"line":4,"column":8},"end":{"line":4,"column":null}},"3":{"start":{"line":10,"column":8},"end":{"line":10,"column":null}},"4":{"start":{"line":11,"column":8},"end":{"line":11,"column":null}},"5":{"start":{"line":17,"column":8},"end":{"line":17,"column":null}},"6":{"start":{"line":18,"column":8},"end":{"line":18,"column":null}}},"fnMap":{"0":{"name":"(anonymous_0)","decl":{"start":{"line":2,"column":4},"end":{"line":2,"column":16}},"loc":{"start":{"line":2,"column":80},"end":{"line":5,"column":null}},"line":2},"1":{"name":"(anonymous_1)","decl":{"start":{"line":9,"column":4},"end":{"line":9,"column":16}},"loc":{"start":{"line":9,"column":34},"end":{"line":12,"column":null}},"line":9},"2":{"name":"(anonymous_2)","decl":{"start":{"line":16,"column":4},"end":{"line":16,"column":16}},"loc":{"start":{"line":16,"column":33},"end":{"line":19,"column":null}},"line":16}},"branchMap":{"0":{"loc":{"start":{"line":2,"column":49},"end":{"line":2,"column":80}},"type":"default-arg","locations":[{"start":{"line":2,"column":64},"end":{"line":2,"column":80}}],"line":2}},"s":{"0":1,"1":1,"2":1,"3":1,"4":1,"5":0,"6":0},"f":{"0":1,"1":1,"2":0},"b":{"0":[1]},"meta":{"lastBranch":1,"lastFunction":3,"lastStatement":7,"seen":{"f:2:4:2:16":0,"b:2:64:2:80":0,"s:3:8:3:Infinity":0,"s:2:49:2:64":1,"s:4:8:4:Infinity":2,"f:9:4:9:16":1,"s:10:8:10:Infinity":3,"s:11:8:11:Infinity":4,"f:16:4:16:16":2,"s:17:8:17:Infinity":5,"s:18:8:18:Infinity":6}}}
}
